#
# A fatal error has been detected by the Java Runtime Environment:
#
#  SIGSEGV (0xb) at pc=0x0000000000006465, pid=17988, tid=0x00007f410491b700
#
# JRE version: OpenJDK Runtime Environment (8.0_212-b03) (build 1.8.0_212-8u212-b03-0ubuntu1.16.04.1-b03)
# Java VM: OpenJDK 64-Bit Server VM (25.212-b03 mixed mode linux-amd64 compressed oops)
# Problematic frame:
# C  0x0000000000006465
#
# Failed to write core dump. Core dumps have been disabled. To enable core dumping, try "ulimit -c unlimited" before starting Java again
#
# If you would like to submit a bug report, please visit:
#   http://bugreport.java.com/bugreport/crash.jsp
#

---------------  T H R E A D  ---------------

Current thread (0x00007f4100026000):  GCTaskThread [stack: 0x00007f410481b000,0x00007f410491c000] [id=17995]

siginfo: si_signo: 11 (SIGSEGV), si_code: 1 (SEGV_MAPERR), si_addr: 0x0000000000006465

Registers:
RAX=0x00007f4108fc9720, RBX=0x00007f410833a82c, RCX=0x0000000000000003, RDX=0x00000006c6d26048
RSP=0x00007f410491abe8, RBP=0x00007f410491ace0, RSI=0x00007f4100079840, RDI=0x00000007c001f858
R8 =0x00007f410833e580, R9 =0x00000006c6c00030, R10=0x0000000000000001, R11=0x0000010000000000
R12=0x0000000000000000, R13=0x0000000000000001, R14=0x00007f4100079840, R15=0x00007f4100079840
RIP=0x0000000000006465, EFLAGS=0x0000000000010202, CSGSFS=0x0000000000000033, ERR=0x0000000000000014
  TRAPNO=0x000000000000000e

Top of Stack: (sp=0x00007f410491abe8)
0x00007f410491abe8:   00007f4107d2af97 00007f40cc0394a0
0x00007f410491abf8:   0000000000000001 00007f41000798d0
0x00007f410491ac08:   0000000000004000 0000000000004000
0x00007f410491ac18:   00007f4100079850 0000000000000004
0x00007f410491ac28:   00007f4108334bd9 00007f4100079840
0x00007f410491ac38:   00000006c790e8c4 00007f410491ace0
0x00007f410491ac48:   00000006c6d26048 00000006c76ea028
0x00007f410491ac58:   000000000000000b 00007f4100079840
0x00007f410491ac68:   00000006c6d20940 00007f410491ace0
0x00007f410491ac78:   00007f4107a30b0e 00007f410491ace0
0x00007f410491ac88:   00007f4100079880 00000006c6d20910
0x00007f410491ac98:   00000007c0035ab8 00007f410833e580
0x00007f410491aca8:   09df43fbdb220d00 0000000000000089
0x00007f410491acb8:   00007f4100079840 0000000000000000
0x00007f410491acc8:   00007f410491ad64 0000000000000001
0x00007f410491acd8:   00007f410491ad68 00007f410491ae00
0x00007f410491ace8:   00007f4107d0fe1d 00007f40cc0394a0
0x00007f410491acf8:   00007f4107efb188 00007f410491ad68
0x00007f410491ad08:   00007f410491ad64 000000010491ae00
0x00007f410491ad18:   00007f410491ad90 0000000000000004
0x00007f410491ad28:   0000000000004000 0000000000000a00
0x00007f410491ad38:   00007f4108334bd9 00007f410491ad70
0x00007f410491ad48:   00007f410491ad68 00007f40cc039590
0x00007f410491ad58:   00007f4100079840 43e4b03b0491ad30
0x00007f410491ad68:   00000006c6d20910 00000006c76ea028
0x00007f410491ad78:   00007f4100000800 00000006c76ea028
0x00007f410491ad88:   00007f4100000a00 00007f410827a9a0
0x00007f410491ad98:   00007f4100026000 00007f410491ad50
0x00007f410491ada8:   00007f410827a988 00007f4100023e00
0x00007f410491adb8:   00007f4107c89e9b 00007f4100023d40
0x00007f410491adc8:   09df43fbdb220d00 00007f410491ae00
0x00007f410491add8:   0000000000000001 00007f40cc039590 

Instructions: (pc=0x0000000000006465)
0x0000000000006445:   
[error occurred during error reporting (printing registers, top of stack, instructions near pc), id 0xb]

Register to memory mapping:

RAX=0x00007f4108fc9720 is an unknown value
RBX=0x00007f410833a82c: <offset 0xf2f82c> in /usr/lib/jvm/java-8-openjdk-amd64/jre/lib/amd64/server/libjvm.so at 0x00007f410740b000
RCX=0x0000000000000003 is an unknown value
RDX=